e:\assembler\masm611_mvs2017\przyklad\debug\vc141.pdb
e:\assembler\masm611_mvs2017\przyklad\debug\addmain.obj
e:\assembler\masm611_mvs2015\masm611_mvs2015\examples_1\addem\debug\project.ilk
e:\assembler\masm611_mvs2015\masm611_mvs2015\examples_1\addem\debug\project.exe
e:\assembler\masm611_mvs2015\masm611_mvs2015\examples_1\addem\debug\project.pdb
e:\assembler\masm611_mvs2017\przyklad\debug\project.exe
e:\assembler\masm611_mvs2017\przyklad\debug\project.ilk
e:\assembler\masm611_mvs2017\przyklad\debug\project.pdb
e:\assembler\masm611_mvs2017\przyklad\debug\addem.obj
e:\assembler\masm611_mvs2017\przyklad\debug\fun.obj
e:\assembler\masm611_mvs2017\przyklad\debug\fun2.obj
e:\assembler\masm611_mvs2017\przyklad\debug\fun3.obj
e:\assembler\masm611_mvs2017\przyklad\debug\min1.obj
e:\assembler\masm611_mvs2017\przyklad\debug\vc140.pdb
e:\assembler\masm611_mvs2017\przyklad\debug\project.tlog\cl.command.1.tlog
e:\assembler\masm611_mvs2017\przyklad\debug\project.tlog\cl.read.1.tlog
e:\assembler\masm611_mvs2017\przyklad\debug\project.tlog\cl.write.1.tlog
e:\assembler\masm611_mvs2017\przyklad\debug\project.tlog\link.command.1.tlog
e:\assembler\masm611_mvs2017\przyklad\debug\project.tlog\link.read.1.tlog
e:\assembler\masm611_mvs2017\przyklad\debug\project.tlog\link.write.1.tlog
e:\assembler\masm611_mvs2017\przyklad\debug\project.tlog\masm.read.1u.tlog
e:\assembler\masm611_mvs2017\przyklad\debug\project.tlog\masm.write.1u.tlog
e:\assembler\masm611_mvs2017\przyklad\debug\project.tlog\project.write.1u.tlog
